<?xml version="1.0" encoding="UTF-8"?>
<!-- Generated by org.testng.reporters.JUnitReportReporter -->
<testsuite skipped="0" hostname="AT-ESLap12" name="testCases.CustomersTest" tests="4" failures="0" timestamp="27 Dec 2020 14:54:44 GMT" time="9.424" errors="0">
  <testcase name="customersTest" time="2.210" classname="testCases.CustomersTest"/>
  <testcase name="customersTest" time="2.246" classname="testCases.CustomersTest"/>
  <testcase name="customersTest" time="2.207" classname="testCases.CustomersTest"/>
  <testcase name="customersTest" time="2.761" classname="testCases.CustomersTest"/>
</testsuite> <!-- testCases.CustomersTest -->
