<?xml version="1.0" encoding="UTF-8"?>
<!-- Generated by org.testng.reporters.JUnitReportReporter -->
<testsuite skipped="0" hostname="AT-ESLap12" name="testCases.AddCustomerTest" tests="1" failures="0" timestamp="27 Dec 2020 14:54:44 GMT" time="7.194" errors="0">
  <testcase name="addCustomerTest" time="7.194" classname="testCases.AddCustomerTest"/>
</testsuite> <!-- testCases.AddCustomerTest -->
