<?xml version="1.0" encoding="UTF-8"?>
<!-- Generated by org.testng.reporters.JUnitReportReporter -->
<testsuite skipped="0" hostname="AT-ESLap12" name="testCases.RegTest" tests="1" failures="0" timestamp="20 Dec 2020 16:03:29 GMT" time="0.003" errors="0">
  <testcase name="doRegUser" time="0.003" classname="testCases.RegTest"/>
</testsuite> <!-- testCases.RegTest -->
