<?xml version="1.0" encoding="UTF-8"?>
<!-- Generated by org.testng.reporters.JUnitReportReporter -->
<testsuite skipped="0" hostname="AT-ESLap12" name="testCases.CustomersTest" tests="4" failures="0" timestamp="27 Dec 2020 14:56:27 GMT" time="9.184" errors="0">
  <testcase name="customersTest" time="2.183" classname="testCases.CustomersTest"/>
  <testcase name="customersTest" time="2.575" classname="testCases.CustomersTest"/>
  <testcase name="customersTest" time="2.219" classname="testCases.CustomersTest"/>
  <testcase name="customersTest" time="2.207" classname="testCases.CustomersTest"/>
</testsuite> <!-- testCases.CustomersTest -->
