<?xml version="1.0" encoding="UTF-8"?>
<!-- Generated by org.testng.reporters.JUnitReportReporter -->
<testsuite skipped="0" hostname="AT-ESLap12" name="testCases.CustomerLoginTest" tests="1" failures="0" timestamp="27 Dec 2020 14:56:27 GMT" time="3.500" errors="0">
  <testcase name="customerLoginTest" time="3.500" classname="testCases.CustomerLoginTest"/>
</testsuite> <!-- testCases.CustomerLoginTest -->
