<?xml version="1.0" encoding="UTF-8"?>
<!-- Generated by org.testng.reporters.JUnitReportReporter -->
<testsuite skipped="0" hostname="AT-ESLap12" name="testCases.WithdrawlTest" tests="1" failures="0" timestamp="27 Dec 2020 14:56:27 GMT" time="6.343" errors="0">
  <testcase name="withdrawlTest" time="6.343" classname="testCases.WithdrawlTest"/>
</testsuite> <!-- testCases.WithdrawlTest -->
