<?xml version="1.0" encoding="UTF-8"?>
<!-- Generated by org.testng.reporters.JUnitReportReporter -->
<testsuite skipped="0" hostname="AT-ESLap12" name="testCases.OpenAccountTest" tests="1" failures="0" timestamp="27 Dec 2020 14:56:27 GMT" time="6.504" errors="0">
  <testcase name="openAccountTest" time="6.504" classname="testCases.OpenAccountTest"/>
</testsuite> <!-- testCases.OpenAccountTest -->
